0100x0100.3.uint08.png
0100x0100.3.uint08.tiff
0100x0100.3.uint08.jpg
0100x0100.3.sint08.png
0100x0100.3.sint08.tiff
0100x0100.3.sint08.jpg
0100x0100.3.uint16.png
0100x0100.3.uint16.tiff
0100x0100.3.uint16.jpg
0100x0100.3.sint16.png
0100x0100.3.sint16.tiff
0100x0100.3.sint16.jpg
0100x0100.3.sint32.png
0100x0100.3.sint32.tiff
0100x0100.3.sint32.jpg
0100x0100.3.real32.png
0100x0100.3.real32.tiff
0100x0100.3.real32.jpg
0100x0100.3.real64.png
0100x0100.3.real64.tiff
0100x0100.3.real64.jpg
